2026-06-29 17:12:07,640 - INFO - GET istegi gonderiliyor: https://api.stripe.com/v1/customers
2026-06-29 17:12:08,299 - INFO - Basarili cevap: 200
2026-06-29 17:30:40,368 - INFO - GET istegi gonderiliyor: https://api.stripe.com/v1/customers
2026-06-29 17:30:41,024 - INFO - Basarili cevap: 200
2026-06-29 17:31:15,199 - INFO - GET istegi gonderiliyor: https://api.stripe.com/v1/customers
2026-06-29 17:31:15,883 - INFO - Basarili cevap: 200
2026-06-29 18:25:29,511 - INFO - GET istegi gonderiliyor: https://api.stripe.com/v1/customers
2026-06-29 18:25:30,361 - INFO - Basarili cevap: 200
2026-06-29 18:36:13,807 - INFO - GET istegi gonderiliyor: https://api.stripe.com/v1/customers
2026-06-29 18:36:14,476 - INFO - Basarili cevap: 200
2026-06-29 18:37:22,176 - INFO - GET istegi gonderiliyor: https://api.stripe.com/v1/customers
2026-06-29 18:37:22,756 - INFO - Basarili cevap: 200
2026-06-29 18:38:07,998 - INFO - GET istegi gonderiliyor: https://api.stripe.com/v1/customers
2026-06-29 18:38:08,622 - INFO - Basarili cevap: 200
2026-06-29 18:41:27,043 - INFO - GET istegi gonderiliyor: https://api.stripe.com/v1/customers
2026-06-29 18:41:27,627 - INFO - Basarili cevap: 200
2026-06-29 18:45:35,046 - INFO - GET istegi gonderiliyor: https://api.stripe.com/v1/customers
2026-06-29 18:45:35,829 - INFO - Basarili cevap: 200
2026-06-30 09:26:58,600 - INFO - POST isteđi gönderiliyor: https://api.stripe.com/v1/customers
2026-06-30 09:26:59,364 - INFO - Basarili cevap: 200
2026-06-30 09:36:57,046 - INFO - GET istegi gonderiliyor: https://api.stripe.com/v1/customers
2026-06-30 09:36:57,763 - INFO - Basarili cevap: 200
2026-06-30 09:37:24,936 - INFO - POST isteđi gönderiliyor: https://api.stripe.com/v1/customers
2026-06-30 09:37:25,507 - INFO - Basarili cevap: 200
2026-06-30 09:37:27,597 - INFO - GET istegi gonderiliyor: https://api.stripe.com/v1/customers
2026-06-30 09:37:28,296 - INFO - Basarili cevap: 200
2026-06-30 09:45:35,818 - INFO - GET istegi gonderiliyor: https://api.stripe.com/v1/customers
2026-06-30 09:45:36,444 - INFO - Basarili cevap: 200
2026-06-30 09:49:03,348 - INFO - GET istegi gonderiliyor: https://api.stripe.com/v1/customers
2026-06-30 09:49:04,074 - INFO - Basarili cevap: 200
2026-06-30 09:49:37,771 - INFO - GET istegi gonderiliyor: https://api.stripe.com/v1/customers/cus_UnGEwC7x3XJ1YF
2026-06-30 09:49:38,420 - INFO - Basarili cevap: 200
2026-06-30 10:33:12,518 - INFO - GET istegi gonderiliyor: https://api.stripe.com/v1/customers
2026-06-30 10:33:13,247 - INFO - Basarili cevap: 200
2026-06-30 10:33:36,077 - INFO - DELETE isteđi gönderiliyor: https://api.stripe.com/v1/customers/cus_UnGEwC7x3XJ1YF
2026-06-30 10:33:36,802 - INFO - Baţarýlý cevap: 200
2026-06-30 10:33:59,782 - INFO - GET istegi gonderiliyor: https://api.stripe.com/v1/customers
2026-06-30 10:34:00,451 - INFO - Basarili cevap: 200
2026-06-30 11:11:18,457 - INFO - GET istegi gonderiliyor: https://api.stripe.com/v1/customers
2026-06-30 11:11:19,168 - INFO - Basarili cevap: 200
2026-06-30 11:50:48,945 - INFO - GET istegi gonderiliyor: https://api.stripe.com/v1/products
2026-06-30 11:50:49,647 - INFO - Basarili cevap: 200
2026-06-30 11:51:38,637 - INFO - GET istegi gonderiliyor: https://api.stripe.com/v1/products
2026-06-30 11:51:39,219 - INFO - Basarili cevap: 200
2026-06-30 11:55:27,523 - INFO - GET istegi gonderiliyor: https://api.stripe.com/v1/products
2026-06-30 11:55:28,279 - INFO - Basarili cevap: 200
2026-06-30 13:40:27,859 - INFO - GET istegi gonderiliyor: https://api.stripe.com/v1/products
2026-06-30 13:40:29,066 - INFO - Basarili cevap: 200
2026-06-30 13:42:40,761 - INFO - GET istegi gonderiliyor: https://api.stripe.com/v1/products
2026-06-30 13:42:41,884 - INFO - Basarili cevap: 200
2026-06-30 13:42:41,885 - INFO - UPDATE isteđi gönderiliyor: https://api.stripe.com/v1/products/prod_UnXTr2DjxW2okJ
2026-06-30 13:42:42,708 - INFO - Baţarýlý cevap: 200
2026-06-30 13:43:40,125 - INFO - GET istegi gonderiliyor: https://api.stripe.com/v1/products
2026-06-30 13:43:40,966 - INFO - Basarili cevap: 200
