2026-07-17 11:10:14,304 - INFO - GET isteđi gönderiliyor: https://api.stripe.com/v1/customers
2026-07-17 11:10:15,832 - INFO - Baţarýlý cevap: 200
2026-07-17 11:10:15,841 - INFO - GET isteđi gönderiliyor: https://api.stripe.com/v1/customers
2026-07-17 11:10:17,145 - INFO - Baţarýlý cevap: 200
2026-07-17 11:10:17,153 - INFO - GET isteđi gönderiliyor: https://api.stripe.com/v1/customers
2026-07-17 11:10:18,417 - INFO - Baţarýlý cevap: 200
2026-07-17 11:10:18,418 - INFO - GET isteđi gönderiliyor: https://api.stripe.com/v1/payment_intents
2026-07-17 11:10:19,491 - INFO - Baţarýlý cevap: 200
2026-07-17 11:10:19,495 - INFO - GET isteđi gönderiliyor: https://api.stripe.com/v1/refunds
2026-07-17 11:10:19,996 - INFO - Baţarýlý cevap: 200
2026-07-17 11:10:19,998 - INFO - GET isteđi gönderiliyor: https://api.stripe.com/v1/products
2026-07-17 11:10:20,965 - INFO - Baţarýlý cevap: 200
2026-07-17 11:10:22,445 - INFO - GET isteđi gönderiliyor: https://api.stripe.com/v1/customers
2026-07-17 11:10:23,181 - INFO - Baţarýlý cevap: 200
2026-07-17 11:10:24,431 - INFO - GET isteđi gönderiliyor: https://api.stripe.com/v1/payment_intents
2026-07-17 11:10:25,368 - INFO - Baţarýlý cevap: 200
2026-07-17 11:10:25,895 - INFO - GET isteđi gönderiliyor: https://api.stripe.com/v1/refunds
2026-07-17 11:10:26,550 - INFO - Baţarýlý cevap: 200
2026-07-17 11:10:30,728 - INFO - GET isteđi gönderiliyor: https://api.stripe.com/v1/customers
2026-07-17 11:10:30,731 - INFO - GET isteđi gönderiliyor: https://api.stripe.com/v1/products
2026-07-17 11:10:31,497 - INFO - Baţarýlý cevap: 200
2026-07-17 11:10:31,569 - INFO - Baţarýlý cevap: 200
2026-07-17 11:10:39,666 - INFO - POST isteđi gönderiliyor: https://api.stripe.com/v1/invoices/create_preview
2026-07-17 11:10:40,403 - INFO - Baţarýlý cevap: 200
2026-07-17 11:10:44,347 - INFO - POST isteđi gönderiliyor: https://api.stripe.com/v1/invoices
2026-07-17 11:10:45,512 - INFO - Baţarýlý cevap: 200
2026-07-17 11:10:45,514 - INFO - POST isteđi gönderiliyor: https://api.stripe.com/v1/invoiceitems
2026-07-17 11:10:46,403 - INFO - Baţarýlý cevap: 200
2026-07-17 11:10:46,404 - INFO - POST isteđi gönderiliyor: https://api.stripe.com/v1/invoices/in_1Tu6r1KBkUL9vnMVQC59RqHs/finalize
2026-07-17 11:10:48,604 - INFO - Baţarýlý cevap: 200
2026-07-17 11:10:51,063 - INFO - GET isteđi gönderiliyor: https://api.stripe.com/v1/customers
2026-07-17 11:10:52,319 - INFO - Baţarýlý cevap: 200
2026-07-17 11:10:52,320 - INFO - GET isteđi gönderiliyor: https://api.stripe.com/v1/customers
2026-07-17 11:10:53,631 - INFO - Baţarýlý cevap: 200
2026-07-17 11:10:53,633 - INFO - GET isteđi gönderiliyor: https://api.stripe.com/v1/customers
2026-07-17 11:10:54,515 - INFO - Baţarýlý cevap: 200
2026-07-17 11:10:54,517 - INFO - GET isteđi gönderiliyor: https://api.stripe.com/v1/payment_intents
2026-07-17 11:10:55,515 - INFO - Baţarýlý cevap: 200
2026-07-17 11:10:55,517 - INFO - GET isteđi gönderiliyor: https://api.stripe.com/v1/refunds
2026-07-17 11:10:56,099 - INFO - Baţarýlý cevap: 200
2026-07-17 11:10:56,100 - INFO - GET isteđi gönderiliyor: https://api.stripe.com/v1/products
2026-07-17 11:10:56,764 - INFO - Baţarýlý cevap: 200
